<?xml version="1.0" encoding="UTF-8"?>
<testsuite name="ShopTest" tests="1" skipped="0" failures="0" errors="0" timestamp="2016-10-28T17:41:43" hostname="AndreaseinsMBP2.fritz.box" time="0.001">
  <properties/>
  <testcase name="shouldAddPrices" classname="ShopTest" time="0.001"/>
  <system-out><![CDATA[]]></system-out>
  <system-err><![CDATA[]]></system-err>
</testsuite>
